mode: count
github.com/forta-network/disco/drivers/filewriter/filewriter.go:27.118,38.26 3 1
github.com/forta-network/disco/drivers/filewriter/filewriter.go:45.2,45.11 1 1
github.com/forta-network/disco/drivers/filewriter/filewriter.go:38.26,43.3 4 1
github.com/forta-network/disco/drivers/filewriter/filewriter.go:48.38,53.2 4 3
github.com/forta-network/disco/drivers/filewriter/filewriter.go:55.52,59.2 3 1
github.com/forta-network/disco/drivers/filewriter/filewriter.go:61.36,63.2 1 2
github.com/forta-network/disco/drivers/filewriter/filewriter.go:65.37,68.2 2 3
github.com/forta-network/disco/drivers/filewriter/filewriter.go:70.38,72.2 1 1
github.com/forta-network/disco/drivers/filewriter/filewriter.go:74.38,76.2 1 1
github.com/forta-network/disco/drivers/filewriter/filewriter.go:78.50,80.2 1 1
github.com/forta-network/disco/drivers/filewriter/filewriter.go:89.90,91.2 1 1
github.com/forta-network/disco/drivers/filewriter/filewriter.go:93.45,98.2 1 5
github.com/forta-network/disco/drivers/filewriter/filewriter.go:100.54,107.2 3 1
github.com/forta-network/disco/drivers/filewriter/filewriter.go:109.38,113.2 3 1
github.com/forta-network/disco/drivers/filewriter/filewriter.go:115.39,118.2 2 1
github.com/forta-network/disco/drivers/filewriter/filewriter.go:120.40,123.2 2 1
github.com/forta-network/disco/drivers/filewriter/filewriter.go:125.40,128.2 2 1
github.com/forta-network/disco/drivers/filewriter/stub.go:9.52,12.2 2 1
github.com/forta-network/disco/drivers/filewriter/stub.go:15.36,17.2 1 1
github.com/forta-network/disco/drivers/filewriter/stub.go:20.37,22.2 1 1
github.com/forta-network/disco/drivers/filewriter/stub.go:25.38,27.2 1 1
github.com/forta-network/disco/drivers/filewriter/stub.go:30.38,32.2 1 1
github.com/forta-network/disco/drivers/multidriver/filewriter.go:12.107,18.2 2 2
github.com/forta-network/disco/drivers/multidriver/filewriter.go:20.52,22.19 2 2
github.com/forta-network/disco/drivers/multidriver/filewriter.go:25.2,26.19 2 2
github.com/forta-network/disco/drivers/multidriver/filewriter.go:29.2,29.15 1 2
github.com/forta-network/disco/drivers/multidriver/filewriter.go:22.19,24.3 1 0
github.com/forta-network/disco/drivers/multidriver/filewriter.go:26.19,28.3 1 0
github.com/forta-network/disco/drivers/multidriver/filewriter.go:32.36,34.2 1 1
github.com/forta-network/disco/drivers/multidriver/filewriter.go:36.37,37.43 1 1
github.com/forta-network/disco/drivers/multidriver/filewriter.go:40.2,40.45 1 1
github.com/forta-network/disco/drivers/multidriver/filewriter.go:43.2,43.12 1 1
github.com/forta-network/disco/drivers/multidriver/filewriter.go:37.43,39.3 1 0
github.com/forta-network/disco/drivers/multidriver/filewriter.go:40.45,42.3 1 0
github.com/forta-network/disco/drivers/multidriver/filewriter.go:46.38,47.44 1 1
github.com/forta-network/disco/drivers/multidriver/filewriter.go:50.2,50.46 1 1
github.com/forta-network/disco/drivers/multidriver/filewriter.go:53.2,53.12 1 1
github.com/forta-network/disco/drivers/multidriver/filewriter.go:47.44,49.3 1 0
github.com/forta-network/disco/drivers/multidriver/filewriter.go:50.46,52.3 1 0
github.com/forta-network/disco/drivers/multidriver/filewriter.go:56.38,57.44 1 1
github.com/forta-network/disco/drivers/multidriver/filewriter.go:60.2,60.46 1 1
github.com/forta-network/disco/drivers/multidriver/filewriter.go:63.2,63.12 1 1
github.com/forta-network/disco/drivers/multidriver/filewriter.go:57.44,59.3 1 0
github.com/forta-network/disco/drivers/multidriver/filewriter.go:60.46,62.3 1 0
github.com/forta-network/disco/drivers/multidriver/multidriver.go:33.135,35.2 1 15
github.com/forta-network/disco/drivers/multidriver/multidriver.go:38.49,41.2 2 1
github.com/forta-network/disco/drivers/multidriver/multidriver.go:44.32,46.2 1 1
github.com/forta-network/disco/drivers/multidriver/multidriver.go:50.89,53.16 3 1
github.com/forta-network/disco/drivers/multidriver/multidriver.go:56.2,57.15 2 1
github.com/forta-network/disco/drivers/multidriver/multidriver.go:53.16,55.3 1 0
github.com/forta-network/disco/drivers/multidriver/multidriver.go:62.91,65.16 3 5
github.com/forta-network/disco/drivers/multidriver/multidriver.go:68.2,69.15 2 5
github.com/forta-network/disco/drivers/multidriver/multidriver.go:65.16,67.3 1 0
github.com/forta-network/disco/drivers/multidriver/multidriver.go:73.137,75.20 2 8
github.com/forta-network/disco/drivers/multidriver/multidriver.go:84.2,85.20 2 2
github.com/forta-network/disco/drivers/multidriver/multidriver.go:94.2,94.18 1 2
github.com/forta-network/disco/drivers/multidriver/multidriver.go:98.2,98.84 1 1
github.com/forta-network/disco/drivers/multidriver/multidriver.go:76.11,77.18 1 6
github.com/forta-network/disco/drivers/multidriver/multidriver.go:78.39,78.39 0 2
github.com/forta-network/disco/drivers/multidriver/multidriver.go:80.10,81.91 1 0
github.com/forta-network/disco/drivers/multidriver/multidriver.go:86.11,86.11 0 2
github.com/forta-network/disco/drivers/multidriver/multidriver.go:88.39,89.18 1 0
github.com/forta-network/disco/drivers/multidriver/multidriver.go:90.10,91.91 1 0
github.com/forta-network/disco/drivers/multidriver/multidriver.go:94.18,96.3 1 1
github.com/forta-network/disco/drivers/multidriver/multidriver.go:98.84,99.23 1 0
github.com/forta-network/disco/drivers/multidriver/multidriver.go:102.3,102.52 1 0
github.com/forta-network/disco/drivers/multidriver/multidriver.go:99.23,101.4 1 0
github.com/forta-network/disco/drivers/multidriver/multidriver.go:106.105,108.16 2 1
github.com/forta-network/disco/drivers/multidriver/multidriver.go:111.2,114.16 3 1
github.com/forta-network/disco/drivers/multidriver/multidriver.go:117.2,120.16 3 1
github.com/forta-network/disco/drivers/multidriver/multidriver.go:123.2,123.37 1 1
github.com/forta-network/disco/drivers/multidriver/multidriver.go:127.2,134.12 2 1
github.com/forta-network/disco/drivers/multidriver/multidriver.go:108.16,110.3 1 0
github.com/forta-network/disco/drivers/multidriver/multidriver.go:114.16,116.3 1 0
github.com/forta-network/disco/drivers/multidriver/multidriver.go:120.16,122.3 1 0
github.com/forta-network/disco/drivers/multidriver/multidriver.go:123.37,126.3 2 0
github.com/forta-network/disco/drivers/multidriver/multidriver.go:139.79,140.56 1 1
github.com/forta-network/disco/drivers/multidriver/multidriver.go:143.2,143.42 1 1
github.com/forta-network/disco/drivers/multidriver/multidriver.go:140.56,142.3 1 0
github.com/forta-network/disco/drivers/multidriver/multidriver.go:148.85,149.65 1 1
github.com/forta-network/disco/drivers/multidriver/multidriver.go:152.2,152.67 1 1
github.com/forta-network/disco/drivers/multidriver/multidriver.go:155.2,155.12 1 1
github.com/forta-network/disco/drivers/multidriver/multidriver.go:149.65,151.3 1 0
github.com/forta-network/disco/drivers/multidriver/multidriver.go:152.67,154.3 1 0
github.com/forta-network/disco/drivers/multidriver/multidriver.go:161.96,162.56 1 1
github.com/forta-network/disco/drivers/multidriver/multidriver.go:165.2,165.46 1 1
github.com/forta-network/disco/drivers/multidriver/multidriver.go:162.56,164.3 1 0
github.com/forta-network/disco/drivers/multidriver/multidriver.go:170.106,172.16 2 1
github.com/forta-network/disco/drivers/multidriver/multidriver.go:175.2,176.16 2 1
github.com/forta-network/disco/drivers/multidriver/multidriver.go:179.2,182.8 1 1
github.com/forta-network/disco/drivers/multidriver/multidriver.go:172.16,174.3 1 0
github.com/forta-network/disco/drivers/multidriver/multidriver.go:176.16,178.3 1 0
github.com/forta-network/disco/drivers/multidriver/multidriver.go:187.89,189.16 2 1
github.com/forta-network/disco/drivers/multidriver/multidriver.go:192.2,192.20 1 1
github.com/forta-network/disco/drivers/multidriver/multidriver.go:195.2,196.21 2 0
github.com/forta-network/disco/drivers/multidriver/multidriver.go:189.16,191.3 1 0
github.com/forta-network/disco/drivers/multidriver/multidriver.go:192.20,194.3 1 1
github.com/forta-network/disco/drivers/multidriver/multidriver.go:201.75,202.56 1 1
github.com/forta-network/disco/drivers/multidriver/multidriver.go:205.2,205.36 1 1
github.com/forta-network/disco/drivers/multidriver/multidriver.go:202.56,204.3 1 0
github.com/forta-network/disco/drivers/multidriver/multidriver.go:210.86,212.66 1 1
github.com/forta-network/disco/drivers/multidriver/multidriver.go:215.2,215.68 1 1
github.com/forta-network/disco/drivers/multidriver/multidriver.go:218.2,218.12 1 1
github.com/forta-network/disco/drivers/multidriver/multidriver.go:212.66,214.3 1 0
github.com/forta-network/disco/drivers/multidriver/multidriver.go:215.68,217.3 1 0
github.com/forta-network/disco/drivers/multidriver/multidriver.go:222.65,224.52 1 1
github.com/forta-network/disco/drivers/multidriver/multidriver.go:227.2,227.54 1 1
github.com/forta-network/disco/drivers/multidriver/multidriver.go:230.2,230.12 1 1
github.com/forta-network/disco/drivers/multidriver/multidriver.go:224.52,226.3 1 0
github.com/forta-network/disco/drivers/multidriver/multidriver.go:227.54,229.3 1 0
github.com/forta-network/disco/drivers/multidriver/multidriver.go:237.114,238.25 1 1
github.com/forta-network/disco/drivers/multidriver/multidriver.go:242.2,243.8 2 1
github.com/forta-network/disco/drivers/multidriver/multidriver.go:250.2,253.34 4 1
github.com/forta-network/disco/drivers/multidriver/multidriver.go:238.25,240.3 1 0
github.com/forta-network/disco/drivers/multidriver/multidriver.go:243.8,245.63 2 1
github.com/forta-network/disco/drivers/multidriver/multidriver.go:245.63,247.4 1 0
github.com/forta-network/disco/drivers/multidriver/multidriver.go:261.87,262.53 1 1
github.com/forta-network/disco/drivers/multidriver/multidriver.go:265.2,265.55 1 1
github.com/forta-network/disco/drivers/multidriver/multidriver.go:268.2,268.12 1 1
github.com/forta-network/disco/drivers/multidriver/multidriver.go:262.53,264.3 1 0
github.com/forta-network/disco/drivers/multidriver/multidriver.go:265.55,267.3 1 0
github.com/forta-network/disco/utils/hash.go:12.44,14.16 2 2
github.com/forta-network/disco/utils/hash.go:17.2,17.60 1 1
github.com/forta-network/disco/utils/hash.go:14.16,16.3 1 1
github.com/forta-network/disco/utils/hash.go:21.29,23.16 2 2
github.com/forta-network/disco/utils/hash.go:26.2,26.30 1 2
github.com/forta-network/disco/utils/hash.go:23.16,25.3 1 0
github.com/forta-network/disco/utils/hash.go:30.38,31.23 1 2
github.com/forta-network/disco/utils/hash.go:34.2,35.19 2 1
github.com/forta-network/disco/utils/hash.go:31.23,33.3 1 1
github.com/forta-network/disco/utils/hash.go:39.35,40.20 1 2
github.com/forta-network/disco/utils/hash.go:43.2,44.24 2 2
github.com/forta-network/disco/utils/hash.go:47.2,48.19 2 2
github.com/forta-network/disco/utils/hash.go:40.20,42.3 1 0
github.com/forta-network/disco/utils/hash.go:44.24,46.3 1 0
github.com/forta-network/disco/deps/deps.go:19.34,20.17 1 0
github.com/forta-network/disco/deps/deps.go:23.2,23.15 1 0
github.com/forta-network/disco/deps/deps.go:20.17,22.3 1 0
github.com/forta-network/disco/deps/deps.go:26.41,27.35 1 1
github.com/forta-network/disco/deps/deps.go:31.2,32.51 2 1
github.com/forta-network/disco/deps/deps.go:27.35,28.27 1 0
github.com/forta-network/disco/drivers/ipfs/driver.go:32.13,34.2 1 1
github.com/forta-network/disco/drivers/ipfs/driver.go:43.105,45.16 2 0
github.com/forta-network/disco/drivers/ipfs/driver.go:49.2,49.25 1 0
github.com/forta-network/disco/drivers/ipfs/driver.go:53.2,57.43 2 0
github.com/forta-network/disco/drivers/ipfs/driver.go:62.2,63.16 2 0
github.com/forta-network/disco/drivers/ipfs/driver.go:66.2,67.27 2 0
github.com/forta-network/disco/drivers/ipfs/driver.go:45.16,48.3 2 0
github.com/forta-network/disco/drivers/ipfs/driver.go:49.25,51.3 1 0
github.com/forta-network/disco/drivers/ipfs/driver.go:57.43,60.8 3 0
github.com/forta-network/disco/drivers/ipfs/driver.go:63.16,65.3 1 0
github.com/forta-network/disco/drivers/ipfs/driver.go:71.65,75.2 1 10
github.com/forta-network/disco/drivers/ipfs/driver.go:78.40,80.2 1 0
github.com/forta-network/disco/drivers/ipfs/driver.go:83.85,85.2 1 0
github.com/forta-network/disco/drivers/ipfs/driver.go:93.73,102.2 2 0
github.com/forta-network/disco/drivers/ipfs/driver.go:106.32,108.2 1 1
github.com/forta-network/disco/drivers/ipfs/driver.go:111.79,114.16 3 1
github.com/forta-network/disco/drivers/ipfs/driver.go:117.2,118.31 2 1
github.com/forta-network/disco/drivers/ipfs/driver.go:114.16,116.3 1 0
github.com/forta-network/disco/drivers/ipfs/driver.go:122.86,125.2 2 1
github.com/forta-network/disco/drivers/ipfs/driver.go:129.96,132.38 3 2
github.com/forta-network/disco/drivers/ipfs/driver.go:135.2,135.16 1 2
github.com/forta-network/disco/drivers/ipfs/driver.go:138.2,138.20 1 2
github.com/forta-network/disco/drivers/ipfs/driver.go:132.38,134.3 1 0
github.com/forta-network/disco/drivers/ipfs/driver.go:135.16,137.3 1 0
github.com/forta-network/disco/drivers/ipfs/driver.go:143.112,147.18 4 1
github.com/forta-network/disco/drivers/ipfs/driver.go:158.2,158.96 1 1
github.com/forta-network/disco/drivers/ipfs/driver.go:147.18,149.39 2 1
github.com/forta-network/disco/drivers/ipfs/driver.go:152.3,152.17 1 1
github.com/forta-network/disco/drivers/ipfs/driver.go:155.3,156.65 2 1
github.com/forta-network/disco/drivers/ipfs/driver.go:149.39,151.4 1 0
github.com/forta-network/disco/drivers/ipfs/driver.go:152.17,154.4 1 0
github.com/forta-network/disco/drivers/ipfs/driver.go:161.87,162.67 1 1
github.com/forta-network/disco/drivers/ipfs/driver.go:162.67,164.3 1 1
github.com/forta-network/disco/drivers/ipfs/driver.go:167.36,169.9 2 0
github.com/forta-network/disco/drivers/ipfs/driver.go:172.2,172.20 1 0
github.com/forta-network/disco/drivers/ipfs/driver.go:169.9,171.3 1 0
github.com/forta-network/disco/drivers/ipfs/driver.go:177.89,180.38 3 1
github.com/forta-network/disco/drivers/ipfs/driver.go:183.2,183.16 1 1
github.com/forta-network/disco/drivers/ipfs/driver.go:186.2,186.58 1 1
github.com/forta-network/disco/drivers/ipfs/driver.go:180.38,182.3 1 0
github.com/forta-network/disco/drivers/ipfs/driver.go:183.16,185.3 1 0
github.com/forta-network/disco/drivers/ipfs/driver.go:190.75,193.38 3 2
github.com/forta-network/disco/drivers/ipfs/driver.go:196.2,196.16 1 2
github.com/forta-network/disco/drivers/ipfs/driver.go:199.2,200.33 2 2
github.com/forta-network/disco/drivers/ipfs/driver.go:203.2,203.18 1 2
github.com/forta-network/disco/drivers/ipfs/driver.go:193.38,195.3 1 0
github.com/forta-network/disco/drivers/ipfs/driver.go:196.16,198.3 1 0
github.com/forta-network/disco/drivers/ipfs/driver.go:200.33,202.3 1 0
github.com/forta-network/disco/drivers/ipfs/driver.go:207.86,211.92 4 1
github.com/forta-network/disco/drivers/ipfs/driver.go:214.2,214.49 1 1
github.com/forta-network/disco/drivers/ipfs/driver.go:211.92,213.3 1 0
github.com/forta-network/disco/drivers/ipfs/driver.go:218.65,221.2 2 1
github.com/forta-network/disco/drivers/ipfs/driver.go:226.107,228.2 1 1
github.com/forta-network/disco/drivers/ipfs/driver.go:232.87,235.2 2 1
github.com/forta-network/disco/drivers/ipfs/file_info.go:16.35,18.2 1 1
github.com/forta-network/disco/drivers/ipfs/file_info.go:22.34,24.2 1 1
github.com/forta-network/disco/drivers/ipfs/file_info.go:28.41,30.2 1 1
github.com/forta-network/disco/drivers/ipfs/file_info.go:33.34,35.2 1 1
github.com/forta-network/disco/proxy/services/disco.go:30.43,36.2 1 0
github.com/forta-network/disco/proxy/services/disco.go:75.80,82.62 4 2
github.com/forta-network/disco/proxy/services/disco.go:89.2,90.16 2 2
github.com/forta-network/disco/proxy/services/disco.go:93.2,95.35 3 2
github.com/forta-network/disco/proxy/services/disco.go:102.2,103.16 2 1
github.com/forta-network/disco/proxy/services/disco.go:106.2,107.71 2 1
github.com/forta-network/disco/proxy/services/disco.go:111.2,112.16 2 1
github.com/forta-network/disco/proxy/services/disco.go:115.2,117.17 1 1
github.com/forta-network/disco/proxy/services/disco.go:122.2,123.16 2 1
github.com/forta-network/disco/proxy/services/disco.go:126.2,127.16 2 1
github.com/forta-network/disco/proxy/services/disco.go:130.2,131.16 2 1
github.com/forta-network/disco/proxy/services/disco.go:134.2,136.71 3 1
github.com/forta-network/disco/proxy/services/disco.go:142.2,143.16 2 1
github.com/forta-network/disco/proxy/services/disco.go:146.2,148.106 3 1
github.com/forta-network/disco/proxy/services/disco.go:153.2,153.81 1 1
github.com/forta-network/disco/proxy/services/disco.go:158.2,159.73 2 1
github.com/forta-network/disco/proxy/services/disco.go:162.2,162.12 1 1
github.com/forta-network/disco/proxy/services/disco.go:82.62,83.16 1 2
github.com/forta-network/disco/proxy/services/disco.go:83.16,85.4 1 2
github.com/forta-network/disco/proxy/services/disco.go:90.16,92.3 1 0
github.com/forta-network/disco/proxy/services/disco.go:95.35,98.3 2 1
github.com/forta-network/disco/proxy/services/disco.go:103.16,105.3 1 0
github.com/forta-network/disco/proxy/services/disco.go:107.71,109.3 1 0
github.com/forta-network/disco/proxy/services/disco.go:112.16,114.3 1 0
github.com/forta-network/disco/proxy/services/disco.go:117.17,119.3 1 0
github.com/forta-network/disco/proxy/services/disco.go:123.16,125.3 1 0
github.com/forta-network/disco/proxy/services/disco.go:127.16,129.3 1 0
github.com/forta-network/disco/proxy/services/disco.go:131.16,133.3 1 0
github.com/forta-network/disco/proxy/services/disco.go:136.71,138.3 1 0
github.com/forta-network/disco/proxy/services/disco.go:143.16,145.3 1 0
github.com/forta-network/disco/proxy/services/disco.go:148.106,150.3 1 0
github.com/forta-network/disco/proxy/services/disco.go:153.81,155.3 1 0
github.com/forta-network/disco/proxy/services/disco.go:159.73,161.3 1 0
github.com/forta-network/disco/proxy/services/disco.go:166.58,168.2 1 3
github.com/forta-network/disco/proxy/services/disco.go:177.81,178.19 1 3
github.com/forta-network/disco/proxy/services/disco.go:183.2,183.30 1 2
github.com/forta-network/disco/proxy/services/disco.go:188.2,192.20 4 2
github.com/forta-network/disco/proxy/services/disco.go:207.2,208.16 2 1
github.com/forta-network/disco/proxy/services/disco.go:211.2,211.37 1 1
github.com/forta-network/disco/proxy/services/disco.go:231.2,232.34 2 1
github.com/forta-network/disco/proxy/services/disco.go:235.2,235.57 1 1
github.com/forta-network/disco/proxy/services/disco.go:178.19,180.3 1 1
github.com/forta-network/disco/proxy/services/disco.go:183.30,186.3 2 0
github.com/forta-network/disco/proxy/services/disco.go:193.11,194.39 1 1
github.com/forta-network/disco/proxy/services/disco.go:199.39,199.39 0 1
github.com/forta-network/disco/proxy/services/disco.go:202.10,203.76 1 0
github.com/forta-network/disco/proxy/services/disco.go:194.39,197.4 2 1
github.com/forta-network/disco/proxy/services/disco.go:208.16,210.3 1 0
github.com/forta-network/disco/proxy/services/disco.go:211.37,214.17 2 3
github.com/forta-network/disco/proxy/services/disco.go:217.3,218.17 2 3
github.com/forta-network/disco/proxy/services/disco.go:221.3,221.14 1 3
github.com/forta-network/disco/proxy/services/disco.go:224.3,225.121 2 3
github.com/forta-network/disco/proxy/services/disco.go:214.17,216.4 1 0
github.com/forta-network/disco/proxy/services/disco.go:218.17,220.4 1 0
github.com/forta-network/disco/proxy/services/disco.go:221.14,222.12 1 0
github.com/forta-network/disco/proxy/services/disco.go:225.121,227.4 1 0
github.com/forta-network/disco/proxy/services/disco.go:232.34,234.3 1 3
github.com/forta-network/disco/proxy/services/disco.go:238.107,240.9 2 2
github.com/forta-network/disco/proxy/services/disco.go:243.2,243.43 1 2
github.com/forta-network/disco/proxy/services/disco.go:250.2,250.12 1 2
github.com/forta-network/disco/proxy/services/disco.go:240.9,242.3 1 0
github.com/forta-network/disco/proxy/services/disco.go:243.43,245.17 2 6
github.com/forta-network/disco/proxy/services/disco.go:245.17,247.4 1 0
github.com/forta-network/disco/proxy/services/disco.go:253.105,255.9 2 1
github.com/forta-network/disco/proxy/services/disco.go:258.2,258.43 1 1
github.com/forta-network/disco/proxy/services/disco.go:265.2,265.12 1 1
github.com/forta-network/disco/proxy/services/disco.go:255.9,257.3 1 0
github.com/forta-network/disco/proxy/services/disco.go:258.43,260.17 2 4
github.com/forta-network/disco/proxy/services/disco.go:260.17,262.4 1 0
github.com/forta-network/disco/proxy/services/files.go:17.86,19.16 2 2
github.com/forta-network/disco/proxy/services/files.go:22.2,23.16 2 2
github.com/forta-network/disco/proxy/services/files.go:27.2,27.27 1 2
github.com/forta-network/disco/proxy/services/files.go:19.16,21.3 1 0
github.com/forta-network/disco/proxy/services/files.go:23.16,25.3 1 0
github.com/forta-network/disco/proxy/services/files.go:39.102,41.16 2 1
github.com/forta-network/disco/proxy/services/files.go:44.2,45.56 2 1
github.com/forta-network/disco/proxy/services/files.go:41.16,43.3 1 0
github.com/forta-network/disco/proxy/services/files.go:48.78,50.16 2 4
github.com/forta-network/disco/proxy/services/files.go:53.2,53.23 1 4
github.com/forta-network/disco/proxy/services/files.go:50.16,52.3 1 0
github.com/forta-network/disco/proxy/services/files.go:56.84,58.2 1 3
github.com/forta-network/disco/proxy/services/files.go:60.107,62.16 2 1
github.com/forta-network/disco/proxy/services/files.go:65.2,68.16 3 1
github.com/forta-network/disco/proxy/services/files.go:71.2,72.16 2 1
github.com/forta-network/disco/proxy/services/files.go:76.2,86.40 2 1
github.com/forta-network/disco/proxy/services/files.go:97.2,97.19 1 1
github.com/forta-network/disco/proxy/services/files.go:62.16,64.3 1 0
github.com/forta-network/disco/proxy/services/files.go:68.16,70.3 1 0
github.com/forta-network/disco/proxy/services/files.go:72.16,74.3 1 0
github.com/forta-network/disco/proxy/services/files.go:86.40,89.17 3 1
github.com/forta-network/disco/proxy/services/files.go:92.3,95.5 1 1
github.com/forta-network/disco/proxy/services/files.go:89.17,91.4 1 0
github.com/forta-network/disco/proxy/services/files.go:100.141,102.16 2 1
github.com/forta-network/disco/proxy/services/files.go:105.2,107.56 3 1
github.com/forta-network/disco/proxy/services/files.go:102.16,104.3 1 0
github.com/forta-network/disco/proxy/services/files.go:110.151,112.16 2 1
github.com/forta-network/disco/proxy/services/files.go:115.2,116.40 2 1
github.com/forta-network/disco/proxy/services/files.go:119.2,119.8 1 1
github.com/forta-network/disco/proxy/services/files.go:112.16,114.3 1 0
github.com/forta-network/disco/proxy/services/files.go:116.40,118.3 1 1
github.com/forta-network/disco/proxy/services/files.go:131.102,133.64 2 1
github.com/forta-network/disco/proxy/services/files.go:136.2,136.130 1 1
github.com/forta-network/disco/proxy/services/files.go:139.2,139.12 1 1
github.com/forta-network/disco/proxy/services/files.go:133.64,135.3 1 0
github.com/forta-network/disco/proxy/services/files.go:136.130,138.3 1 0
github.com/forta-network/disco/proxy/services/files.go:142.93,144.16 2 1
github.com/forta-network/disco/proxy/services/files.go:147.2,148.16 2 1
github.com/forta-network/disco/proxy/services/files.go:151.2,151.14 1 1
github.com/forta-network/disco/proxy/services/files.go:157.2,159.16 3 1
github.com/forta-network/disco/proxy/services/files.go:162.2,163.57 2 1
github.com/forta-network/disco/proxy/services/files.go:166.2,166.19 1 1
github.com/forta-network/disco/proxy/services/files.go:144.16,146.3 1 0
github.com/forta-network/disco/proxy/services/files.go:148.16,150.3 1 0
github.com/forta-network/disco/proxy/services/files.go:151.14,153.108 2 1
github.com/forta-network/disco/proxy/services/files.go:153.108,155.4 1 0
github.com/forta-network/disco/proxy/services/files.go:159.16,161.3 1 0
github.com/forta-network/disco/proxy/services/files.go:163.57,165.3 1 0
github.com/forta-network/disco/proxy/services/files.go:169.89,171.2 1 1
github.com/forta-network/disco/proxy/services/files.go:173.109,175.9 2 4
github.com/forta-network/disco/proxy/services/files.go:176.18,177.19 1 0
github.com/forta-network/disco/proxy/services/files.go:179.69,180.20 1 4
github.com/forta-network/disco/proxy/services/files.go:182.10,183.70 1 0
github.com/forta-network/disco/proxy/services/paths.go:19.43,21.2 1 26
github.com/forta-network/disco/proxy/services/paths.go:23.51,25.2 1 2
github.com/forta-network/disco/proxy/services/paths.go:27.44,29.2 1 6
github.com/forta-network/disco/proxy/services/paths.go:31.41,33.2 1 30
github.com/forta-network/disco/proxy/services/paths.go:35.48,37.2 1 12
github.com/forta-network/disco/proxy/services/paths.go:39.50,41.2 1 2
github.com/forta-network/disco/ipfsclient/default_client.go:17.39,19.2 1 1
github.com/forta-network/disco/ipfsclient/default_client.go:22.103,24.2 1 1
github.com/forta-network/disco/ipfsclient/router.go:16.39,20.2 1 10
github.com/forta-network/disco/ipfsclient/router.go:28.70,30.23 2 17
github.com/forta-network/disco/ipfsclient/router.go:33.2,33.81 1 17
github.com/forta-network/disco/ipfsclient/router.go:38.2,41.21 3 17
github.com/forta-network/disco/ipfsclient/router.go:52.2,55.40 4 17
github.com/forta-network/disco/ipfsclient/router.go:30.23,32.3 1 0
github.com/forta-network/disco/ipfsclient/router.go:33.81,35.3 1 0
github.com/forta-network/disco/ipfsclient/router.go:42.33,43.19 1 16
github.com/forta-network/disco/ipfsclient/router.go:45.15,46.19 1 1
github.com/forta-network/disco/ipfsclient/router.go:48.10,49.66 1 0
github.com/forta-network/disco/ipfsclient/router.go:58.41,60.2 1 0
github.com/forta-network/disco/ipfsclient/router_client.go:30.68,32.39 2 0
github.com/forta-network/disco/ipfsclient/router_client.go:38.2,41.3 1 0
github.com/forta-network/disco/ipfsclient/router_client.go:32.39,37.3 1 0
github.com/forta-network/disco/ipfsclient/router_client.go:45.109,49.16 3 14
github.com/forta-network/disco/ipfsclient/router_client.go:52.2,59.25 3 14
github.com/forta-network/disco/ipfsclient/router_client.go:49.16,51.3 1 0
github.com/forta-network/disco/ipfsclient/router_client.go:63.125,66.16 3 1
github.com/forta-network/disco/ipfsclient/router_client.go:69.2,69.43 1 1
github.com/forta-network/disco/ipfsclient/router_client.go:66.16,68.3 1 0
github.com/forta-network/disco/ipfsclient/router_client.go:73.125,76.16 3 1
github.com/forta-network/disco/ipfsclient/router_client.go:79.2,79.50 1 1
github.com/forta-network/disco/ipfsclient/router_client.go:76.16,78.3 1 0
github.com/forta-network/disco/ipfsclient/router_client.go:83.89,86.16 3 2
github.com/forta-network/disco/ipfsclient/router_client.go:89.2,89.36 1 2
github.com/forta-network/disco/ipfsclient/router_client.go:86.16,88.3 1 0
github.com/forta-network/disco/ipfsclient/router_client.go:93.89,96.28 2 2
github.com/forta-network/disco/ipfsclient/router_client.go:104.2,105.16 2 2
github.com/forta-network/disco/ipfsclient/router_client.go:108.2,108.34 1 2
github.com/forta-network/disco/ipfsclient/router_client.go:96.28,98.17 2 2
github.com/forta-network/disco/ipfsclient/router_client.go:101.3,101.43 1 2
github.com/forta-network/disco/ipfsclient/router_client.go:98.17,100.4 1 0
github.com/forta-network/disco/ipfsclient/router_client.go:105.16,107.3 1 0
github.com/forta-network/disco/ipfsclient/router_client.go:112.136,115.16 3 3
github.com/forta-network/disco/ipfsclient/router_client.go:118.2,118.43 1 3
github.com/forta-network/disco/ipfsclient/router_client.go:115.16,117.3 1 0
github.com/forta-network/disco/ipfsclient/router_client.go:122.109,125.16 3 1
github.com/forta-network/disco/ipfsclient/router_client.go:128.2,128.44 1 1
github.com/forta-network/disco/ipfsclient/router_client.go:125.16,127.3 1 0
github.com/forta-network/disco/ipfsclient/router_client.go:132.131,135.16 3 1
github.com/forta-network/disco/ipfsclient/router_client.go:138.2,138.41 1 1
github.com/forta-network/disco/ipfsclient/router_client.go:135.16,137.3 1 0
github.com/forta-network/disco/ipfsclient/router_client.go:146.89,150.16 3 1
github.com/forta-network/disco/ipfsclient/router_client.go:153.2,154.16 2 1
github.com/forta-network/disco/ipfsclient/router_client.go:157.2,157.29 1 1
github.com/forta-network/disco/ipfsclient/router_client.go:162.2,163.55 2 1
github.com/forta-network/disco/ipfsclient/router_client.go:166.2,166.42 1 1
github.com/forta-network/disco/ipfsclient/router_client.go:150.16,152.3 1 0
github.com/forta-network/disco/ipfsclient/router_client.go:154.16,156.3 1 0
github.com/forta-network/disco/ipfsclient/router_client.go:157.29,159.3 1 0
github.com/forta-network/disco/ipfsclient/router_client.go:163.55,165.3 1 0
